Number of Spheres: 1964
Domain Length (x,y,z):  1, 1, 1
Media porosity: 0.369
log(r) Normal with mean -3.06869, variance 0
Mean coordination No. 12.8267
0.20766 0.399747 0.624498 0.0464818
0.654101 0.998108 0.00702144 0.0464818
0.422561 0.0643287 0.253568 0.0464818
0.0334624 0.789859 0.211357 0.0464818
0.467175 0.549867 0.535318 0.0464818
0.705609 0.634918 0.148186 0.0464818
0.49569 0.270462 0.431946 0.0464818
0.866606 0.302047 0.94154 0.0464818
0.752438 0.0761 0.823642 0.0464818
0.66373 0.0816546 0.303849 0.0464818
0.535021 0.656943 0.523845 0.0464818
0.24683 0.606841 0.59283 0.0464818
0.876926 0.309055 0.688211 0.0464818
0.774503 0.174355 0.467465 0.0464818
0.805934 0.140073 0.241757 0.0464818
0.0923953 0.0534537 0.316222 0.0464818
0.491861 0.201567 0.164082 0.0464818
0.191636 0.0804905 0.896402 0.0464818
0.569839 0.504827 0.805228 0.0464818
0.188944 0.16256 0.852818 0.0464818
0.912678 0.852744 0.0877881 0.0464818
0.537896 0.166324 0.825956 0.0464818
0.92158 0.628406 0.978914 0.0464818
0.0106319 0.529318 0.319174 0.0464818
0.715989 0.455619 0.696295 0.0464818
0.0482749 0.631259 0.699531 0.0464818
0.928744 0.412587 0.542448 0.0464818
0.875349 0.973227 0.46425 0.0464818
0.208876 0.800886 0.456216 0.0464818
0.139282 0.70925 0.575941 0.0464818
0.103188 0.423945 0.878279 0.0464818
0.149049 0.150282 0.646025 0.0464818
0.960644 0.172259 0.214877 0.0464818
0.972052 0.796509 0.714643 0.0464818
0.387039 0.794279 0.585955 0.0464818
0.543618 0.453172 0.173677 0.0464818
0.238628 0.547383 0.744948 0.0464818
0.88449 0.581207 0.735406 0.0464818
0.380875 0.411393 0.860332 0.0464818
0.148316 0.315927 0.491937 0.0464818
0.69745 0.0817174 0.981539 0.0464818
0.907774 0.0626452 0.0501778 0.0464818
0.112703 0.986637 0.190812 0.0464818
0.254313 0.481892 0.358015 0.0464818
0.0543825 0.828916 0.0114742 0.0464818
0.723314 0.0509923 0.632422 0.0464818
0.84729 0.0771517 0.296281 0.0464818
0.966329 0.486913 0.501153 0.0464818
0.332613 0.570181 0.615793 0.0464818
0.957414 0.91085 0.250472 0.0464818
0.138417 0.613655 0.713911 0.0464818
0.671021 0.159688 0.0337321 0.0464818
0.0907865 0.562967 0.644588 0.0464818
0.148366 0.490352 0.490894 0.0464818
0.234466 0.124351 0.03008 0.0464818
0.433769 0.0167062 0.102718 0.0464818
0.819235 0.652578 0.360119 0.0464818
0.697494 0.230692 0.78053 0.0464818
0.231045 0.175747 0.681667 0.0464818
0.863586 0.643348 0.599751 0.0464818
0.248709 0.495324 0.924884 0.0464818
0.788508 0.146825 0.872008 0.0464818
0.917392 0.402837 0.28694 0.0464818
0.45809 0.505938 0.234362 0.0464818
0.929128 0.119732 0.284805 0.0464818
0.912633 0.583239 0.15088 0.0464818
0.83876 0.392054 0.238535 0.0464818
0.715153 0.455557 0.816244 0.0464818
0.806742 0.219867 0.541839 0.0464818
0.81177 0.246264 0.75799 0.0464818
0.326464 0.329905 0.547511 0.0464818
0.402108 0.534884 0.0970871 0.0464818
0.298059 0.767338 0.623651 0.0464818
0.419001 0.63205 0.513607 0.0464818
0.413368 0.0955747 0.887219 0.0464818
0.470385 0.531614 0.32286 0.0464818
0.59728 0.800698 0.277251 0.0464818
0.361437 0.751016 0.906623 0.0464818
0.2132 0.383581 0.00917874 0.0464818
0.853592 0.799606 0.412972 0.0464818
0.0941291 0.417002 0.39799 0.0464818
0.0282736 0.486404 0.0419321 0.0464818
0.747694 0.390561 0.219907 0.0464818
0.0476626 0.866091 0.838261 0.0464818
0.93038 0.483806 0.330735 0.0464818
0.645653 0.25439 0.525886 0.0464818
0.627824 0.336524 0.875961 0.0464818
0.272709 0.046384 0.933594 0.0464818
0.848695 0.660754 0.689848 0.0464818
0.95413 0.107361 0.514874 0.0464818
0.408711 0.684289 0.201639 0.0464818
0.00698979 0.0766316 0.0564034 0.0464818
0.0362589 0.410074 0.0943942 0.0464818
0.885904 0.707686 0.927628 0.0464818
0.00273528 0.122668 0.697143 0.0464818
0.138019 0.335092 0.400601 0.0464818
0.15413 0.788918 0.530391 0.0464818
0.522622 0.156328 0.347511 0.0464818
0.380277 0.147947 0.286434 0.0464818
0.570261 0.536952 0.2039 0.0464818
0.648203 0.340922 0.102517 0.0464818
0.131276 0.931159 0.118565 0.0464818
0.282821 0.828971 0.866532 0.0464818
0.72294 0.988856 0.836314 0.0464818
0.0152559 0.0799117 0.849273 0.0464818
0.643065 0.574569 0.524918 0.0464818
0.954021 0.272195 0.959053 0.0464818
0.077089 0.847805 0.358003 0.0464818
0.275392 0.420185 0.0677825 0.0464818
0.426838 0.559409 0.778189 0.0464818
0.0195829 0.0116349 0.377683 0.0464818
0.481632 0.484438 0.782574 0.0464818
0.22488 0.966954 0.940345 0.0464818
0.837055 0.881416 0.0419476 0.0464818
0.90715 0.272228 0.104751 0.0464818
0.864605 0.133198 0.00773964 0.0464818
0.617235 0.1461 0.957387 0.0464818
0.187984 0.0365142 0.63656 0.0464818
0.292247 0.111077 0.543728 0.0464818
0.142082 0.290562 0.319098 0.0464818
0.892144 0.301287 0.265467 0.0464818
0.29691 0.933832 0.637487 0.0464818
0.381013 0.107557 0.516334 0.0464818
0.114314 0.0552537 0.941421 0.0464818
0.986526 0.652649 0.812723 0.0464818
0.832697 0.412943 0.328918 0.0464818
0.25686 0.888476 0.334582 0.0464818
0.140217 0.209579 0.273485 0.0464818
0.992352 0.442751 0.672365 0.0464818
0.394689 0.308851 0.00160892 0.0464818
0.151886 0.0825405 0.81239 0.0464818
0.634647 0.820751 0.420049 0.0464818
0.579245 0.0334319 0.724912 0.0464818
0.774293 0.60028 0.201455 0.0464818
0.737587 0.253236 0.969923 0.0464818
0.100695 0.0170306 0.100314 0.0464818
0.249119 0.342373 0.204003 0.0464818
0.737539 0.868651 0.0460877 0.0464818
0.727688 0.101716 0.209375 0.0464818
0.299319 0.696638 0.949361 0.0464818
0.411128 0.412657 0.698745 0.0464818
0.564354 0.285104 0.492881 0.0464818
0.433824 0.502594 0.704939 0.0464818
0.276613 0.690317 0.42323 0.0464818
0.0278591 0.171381 0.0324667 0.0464818
0.662049 0.659082 0.934373 0.0464818
0.149542 0.717613 0.871837 0.0464818
0.754531 0.997665 0.708217 0.0464818
0.795947 0.958026 0.418353 0.0464818
0.382102 0.397587 0.976918 0.0464818
0.879879 0.0817197 0.834101 0.0464818
0.409231 0.032694 0.563679 0.0464818
0.227275 0.344273 0.429545 0.0464818
0.889617 0.799217 0.0153636 0.0464818
0.479362 0.513535 0.144185 0.0464818
0.805916 0.806018 0.111887 0.0464818
0.448989 0.593639 0.18028 0.0464818
0.99673 0.318716 0.219505 0.0464818
0.340466 0.190191 0.536099 0.0464818
0.370119 0.189957 0.838299 0.0464818
0.843465 0.0256278 0.682786 0.0464818
0.338146 0.457996 0.125006 0.0464818
0.292809 0.686502 0.785016 0.0464818
0.30119 0.380257 0.473564 0.0464818
0.83045 0.955585 0.97884 0.0464818
0.813365 0.78416 0.763905 0.0464818
0.903544 0.260302 0.762755 0.0464818
0.312025 0.894581 0.420819 0.0464818
0.461544 0.314903 0.937297 0.0464818
0.952661 0.358787 0.114358 0.0464818
0.220919 0.863261 0.243942 0.0464818
0.300013 0.509173 0.0569533 0.0464818
0.355486 0.622618 0.952288 0.0464818
0.697267 0.318729 0.611005 0.0464818
0.505147 0.567732 0.827592 0.0464818
0.887637 0.340826 0.349482 0.0464818
0.342022 0.533205 0.805792 0.0464818
0.53679 0.38451 0.417152 0.0464818
0.157315 0.633189 0.519908 0.0464818
0.883529 0.944351 0.817881 0.0464818
0.289919 0.0541401 0.154087 0.0464818
0.152349 0.624717 0.612351 0.0464818
0.799198 0.565188 0.38469 0.0464818
0.236299 0.400586 0.740897 0.0464818
0.654389 0.202675 0.696413 0.0464818
0.66407 0.0127375 0.692993 0.0464818
0.513175 0.915782 0.712556 0.0464818
0.959358 0.948884 0.335277 0.0464818
0.215363 0.250662 0.839311 0.0464818
0.425575 0.875525 0.942101 0.0464818
0.182848 0.714919 0.482001 0.0464818
0.734849 0.278522 0.536083 0.0464818
0.583828 0.608098 0.461601 0.0464818
0.635203 0.119073 0.498563 0.0464818
0.499331 0.667265 0.213494 0.0464818
0.232545 0.862704 0.795986 0.0464818
0.526641 0.968987 0.482007 0.0464818
0.000590717 0.414724 0.44246 0.0464818
0.744182 0.883531 0.137612 0.0464818
0.280451 0.272512 0.151278 0.0464818
0.609322 0.466765 0.325722 0.0464818
0.749232 0.666629 0.300585 0.0464818
0.436158 0.143652 0.117335 0.0464818
0.215345 0.67189 0.661832 0.0464818
0.199848 0.0339285 0.165578 0.0464818
0.578891 0.687507 0.697518 0.0464818
0.125502 0.802531 0.214569 0.0464818
0.920792 0.66581 0.748318 0.0464818
0.0301292 0.058322 0.14456 0.0464818
0.317992 0.277928 0.959141 0.0464818
0.990755 0.35092 0.509352 0.0464818
0.273455 0.220865 0.425539 0.0464818
0.954357 0.451578 0.108947 0.0464818
0.549518 0.838304 0.453021 0.0464818
0.793528 0.592103 0.719612 0.0464818
0.720979 0.774043 0.0917508 0.0464818
0.577182 0.855769 0.681835 0.0464818
0.0236663 0.70838 0.561081 0.0464818
0.879324 0.878987 0.959185 0.0464818
0.885919 0.118756 0.199444 0.0464818
0.0406362 0.77491 0.937066 0.0464818
0.0951557 0.118907 0.876433 0.0464818
0.790371 0.265825 0.46261 0.0464818
0.550966 0.0371544 0.825308 0.0464818
0.240046 0.901956 0.571209 0.0464818
0.701307 0.757229 0.407256 0.0464818
0.440599 0.317652 0.846766 0.0464818
0.634746 0.408934 0.818073 0.0464818
0.740307 0.655814 0.984446 0.0464818
0.97524 0.809152 0.850716 0.0464818
0.827933 0.952303 0.74281 0.0464818
0.0662645 0.0112817 0.0141527 0.0464818
0.636062 0.0155435 0.855866 0.0464818
0.182233 0.279768 0.229322 0.0464818
0.109831 0.98671 0.629222 0.0464818
0.363078 0.389309 0.0675368 0.0464818
0.48344 0.240377 0.340973 0.0464818
0.518385 0.454138 0.0842091 0.0464818
0.366084 0.271576 0.60873 0.0464818
0.126736 0.516033 0.716331 0.0464818
0.490114 0.177666 0.431951 0.0464818
0.0342527 0.42892 0.816108 0.0464818
0.5006 0.0186822 0.573567 0.0464818
0.970153 0.98667 0.198209 0.0464818
0.369088 0.183595 0.744222 0.0464818
0.989114 0.414369 0.349998 0.0464818
0.562946 0.585511 0.0379217 0.0464818
0.812915 0.00149143 0.337948 0.0464818
0.877892 0.249103 0.594043 0.0464818
0.790427 0.733835 0.3949 0.0464818
0.507715 0.0205681 0.327361 0.0464818
0.802753 0.545533 0.0204164 0.0464818
0.471737 0.0761048 0.796189 0.0464818
0.142662 0.00740817 0.866356 0.0464818
0.928487 0.324948 0.0312147 0.0464818
0.284581 0.408858 0.573094 0.0464818
0.184095 0.758672 0.650232 0.0464818
0.731368 0.3369 0.143866 0.0464818
0.769983 0.718007 0.221424 0.0464818
0.230094 0.471222 0.530855 0.0464818
0.571217 0.494785 0.0194109 0.0464818
0.841684 0.739744 0.16639 0.0464818
0.43215 0.774976 0.187421 0.0464818
0.900179 0.215685 0.896786 0.0464818
0.264497 0.986828 0.212952 0.0464818
0.484836 0.00331815 0.881202 0.0464818
0.282928 0.783636 0.782858 0.0464818
0.418189 0.677425 0.909044 0.0464818
0.399623 0.809239 0.69802 0.0464818
0.0192156 0.878696 0.186142 0.0464818
0.194295 0.303719 0.915977 0.0464818
0.498621 0.391505 0.721977 0.0464818
0.84926 0.282939 0.834748 0.0464818
0.271346 0.857562 0.495766 0.0464818
0.511092 0.792565 0.311128 0.0464818
0.232877 0.506148 0.193393 0.0464818
0.931353 0.588994 0.566652 0.0464818
0.488027 0.611422 0.36715 0.0464818
0.497407 0.820077 0.962798 0.0464818
0.696649 0.276456 0.451356 0.0464818
0.0298807 0.310514 0.133042 0.0464818
0.31679 0.520822 0.414902 0.0464818
0.172402 0.555393 0.142796 0.0464818
0.550219 0.468834 0.721791 0.0464818
0.188355 0.943227 0.810323 0.0464818
0.740311 0.0349435 0.385401 0.0464818
0.0889435 0.913173 0.0359174 0.0464818
0.281788 0.549604 0.525986 0.0464818
0.32594 0.212682 0.247715 0.0464818
0.780266 0.350723 0.499114 0.0464818
0.96831 0.724235 0.887909 0.0464818
0.260477 0.560407 0.990213 0.0464818
0.460341 0.412137 0.0249716 0.0464818
0.812499 0.357849 0.734798 0.0464818
0.251476 0.187232 0.509372 0.0464818
0.635408 0.427598 0.0221456 0.0464818
0.694859 0.612382 0.24821 0.0464818
0.505874 0.098485 0.276688 0.0464818
0.388871 0.64398 0.621357 0.0464818
0.604433 0.450709 0.53783 0.0464818
0.97689 0.649868 0.142282 0.0464818
0.848337 0.164893 0.731839 0.0464818
0.706157 0.586836 0.350057 0.0464818
0.562938 0.90076 0.114462 0.0464818
0.130841 0.829668 0.677906 0.0464818
0.999259 0.801774 0.336418 0.0464818
0.0447347 0.341765 0.846808 0.0464818
0.113699 0.206871 0.0286935 0.0464818
0.146764 0.699733 0.040998 0.0464818
0.320851 0.545771 0.32544 0.0464818
0.120774 0.773412 0.445014 0.0464818
0.207876 0.200832 0.594777 0.0464818
0.154021 0.419912 0.551297 0.0464818
0.460426 0.200585 0.692655 0.0464818
0.431126 0.662152 0.420356 0.0464818
0.389037 0.566797 0.262054 0.0464818
0.88036 0.210749 0.485807 0.0464818
0.807328 0.71966 0.975843 0.0464818
0.322618 0.355032 0.143894 0.0464818
0.203904 0.110623 0.572667 0.0464818
0.960561 0.224001 0.82658 0.0464818
0.027861 0.0894266 0.940886 0.0464818
0.540185 0.403931 0.326303 0.0464818
0.0675231 0.390047 0.567682 0.0464818
0.12715 0.282803 0.976773 0.0464818
0.199288 0.63526 0.436985 0.0464818
0.275995 0.903532 0.173307 0.0464818
0.0537234 0.937237 0.430954 0.0464818
0.717556 0.992223 0.560622 0.0464818
0.729224 0.683468 0.072506 0.0464818
0.357321 0.175456 0.165918 0.0464818
0.374509 0.333234 0.91026 0.0464818
0.0353391 0.862828 0.276311 0.0464818
0.5215 0.840431 0.608989 0.0464818
0.742204 0.41069 0.350089 0.0464818
0.678768 0.700066 0.221849 0.0464818
0.880561 0.952245 0.286065 0.0464818
0.426877 0.949827 0.718543 0.0464818
0.302769 0.634517 0.114643 0.0464818
0.0713834 0.908973 0.59574 0.0464818
0.725756 0.614587 0.510669 0.0464818
0.244482 0.871391 0.0919673 0.0464818
0.302271 0.235448 0.683873 0.0464818
0.667675 0.532272 0.675504 0.0464818
0.866986 0.382236 0.894511 0.0464818
0.340137 0.839013 0.939032 0.0464818
0.0430763 0.954662 0.138162 0.0464818
0.753593 0.292605 0.0652131 0.0464818
0.891077 0.457638 0.94326 0.0464818
0.880151 0.133359 0.362637 0.0464818
0.848723 0.9038 0.520046 0.0464818
0.250775 0.993522 0.583163 0.0464818
0.491443 0.673635 0.101145 0.0464818
0.0564039 0.458054 0.505283 0.0464818
0.565456 0.733737 0.358308 0.0464818
0.222552 0.81833 0.0186951 0.0464818
0.467878 0.711596 0.489976 0.0464818
0.876691 0.0449003 0.143745 0.0464818
0.0831237 0.223566 0.478114 0.0464818
0.243455 0.937388 0.0265024 0.0464818
0.0118525 0.36376 0.0175725 0.0464818
0.783617 0.116622 0.395173 0.0464818
0.00428799 0.761801 0.634653 0.0464818
0.164761 0.318164 0.0540852 0.0464818
0.0922454 0.698137 0.946266 0.0464818
0.908403 0.185891 0.139198 0.0464818
0.655086 0.0489011 0.175767 0.0464818
0.968923 0.0786691 0.211508 0.0464818
0.876485 0.86514 0.253843 0.0464818
0.152341 0.570331 0.389841 0.0464818
0.355303 0.741019 0.74301 0.0464818
0.271103 0.318278 0.71528 0.0464818
0.0876672 0.304334 0.2056 0.0464818
0.980761 0.471504 0.963429 0.0464818
0.936237 0.666702 0.454522 0.0464818
0.610528 0.645408 0.576833 0.0464818
0.381929 0.217585 0.989358 0.0464818
0.117799 0.0775147 0.168807 0.0464818
0.779525 0.946 0.076029 0.0464818
0.674202 0.994269 0.333788 0.0464818
0.78756 0.459304 0.637082 0.0464818
0.582384 0.714427 0.965425 0.0464818
0.382242 0.702826 0.990928 0.0464818
0.720495 0.523149 0.526597 0.0464818
0.245278 0.0728178 0.242594 0.0464818
0.597484 0.112621 0.87294 0.0464818
0.974704 0.632686 0.902745 0.0464818
0.674016 0.253162 0.0377538 0.0464818
0.508324 0.459334 0.960845 0.0464818
0.415599 0.870659 0.765951 0.0464818
0.0427541 0.377015 0.275409 0.0464818
0.541232 0.310282 0.361359 0.0464818
0.0266618 0.236221 0.188831 0.0464818
0.697843 0.28444 0.70468 0.0464818
0.506024 0.0974968 0.879909 0.0464818
0.787242 0.161205 0.153178 0.0464818
0.928894 0.0435694 0.43549 0.0464818
0.352255 0.85495 0.346973 0.0464818
0.857117 0.563913 0.222899 0.0464818
0.180443 0.874495 0.505364 0.0464818
0.20551 0.681185 0.256718 0.0464818
0.0611569 0.689216 0.771065 0.0464818
0.625414 0.449614 0.670619 0.0464818
0.858406 0.38256 0.987285 0.0464818
0.895326 0.340348 0.590479 0.0464818
0.379232 0.406619 0.518634 0.0464818
0.0349553 0.185001 0.408582 0.0464818
0.719894 0.489764 0.912851 0.0464818
0.00777449 0.635029 0.615938 0.0464818
0.663532 0.571974 0.9014 0.0464818
0.418236 0.475139 0.940554 0.0464818
0.316447 0.929762 0.0835654 0.0464818
0.418145 0.499196 0.850758 0.0464818
0.209659 0.726921 0.775286 0.0464818
0.302584 0.357964 0.0042896 0.0464818
0.61053 0.81386 0.605842 0.0464818
0.180804 0.257127 0.427677 0.0464818
0.0397757 0.217854 0.572207 0.0464818
0.830163 0.220825 0.096208 0.0464818
0.778783 0.762429 0.555912 0.0464818
0.812542 0.00519583 0.817695 0.0464818
0.169013 0.89237 0.734946 0.0464818
0.331024 0.628526 0.543436 0.0464818
0.533845 0.848071 0.0436117 0.0464818
0.972041 0.722212 0.379959 0.0464818
0.137448 0.961882 0.472342 0.0464818
0.00240001 0.262417 0.363993 0.0464818
0.199194 0.777158 0.0987044 0.0464818
0.94638 0.805311 0.412796 0.0464818
0.424408 0.428016 0.196468 0.0464818
0.938956 0.924361 0.511243 0.0464818
0.186693 0.937739 0.649729 0.0464818
0.294097 0.190222 0.00274028 0.0464818
0.794798 0.466593 0.862904 0.0464818
0.228129 0.139395 0.430825 0.0464818
0.704592 0.14179 0.647271 0.0464818
0.857499 0.142015 0.544076 0.0464818
0.630792 0.897914 0.281308 0.0464818
0.654925 0.40038 0.597493 0.0464818
0.58331 0.789288 0.746526 0.0464818
0.346743 0.16184 0.92381 0.0464818
0.0432307 0.243522 0.785733 0.0464818
0.0435881 0.137689 0.191057 0.0464818
0.83465 0.819882 0.603032 0.0464818
0.706838 0.160166 0.278593 0.0464818
0.410322 0.790072 0.975377 0.0464818
0.251592 0.0376862 0.05903 0.0464818
0.844651 0.220714 0.197209 0.0464818
0.886479 0.537646 0.50347 0.0464818
0.647068 0.254775 0.948796 0.0464818
0.905746 0.362404 0.467649 0.0464818
0.356507 0.685732 0.470539 0.0464818
0.211145 0.642762 0.138738 0.0464818
0.611827 0.206106 0.0883559 0.0464818
0.722297 0.745234 0.00337374 0.0464818
0.742214 0.369015 0.674985 0.0464818
0.899673 0.353261 0.766764 0.0464818
0.887312 0.0204337 0.764595 0.0464818
0.736132 0.709229 0.907443 0.0464818
0.445468 0.880396 0.659586 0.0464818
0.54498 0.997216 0.951825 0.0464818
0.0294054 0.943766 0.520443 0.0464818
0.185827 0.0209184 0.331847 0.0464818
0.844166 0.811395 0.510947 0.0464818
0.322257 0.0238678 0.532059 0.0464818
0.0716924 0.62644 0.83922 0.0464818
0.948159 0.141559 0.86771 0.0464818
0.160741 0.538741 0.0477591 0.0464818
0.756179 0.0883386 0.310974 0.0464818
0.712032 0.188411 0.534859 0.0464818
0.232376 0.207743 0.261414 0.0464818
0.439583 0.850883 0.853564 0.0464818
0.652242 0.540984 0.289783 0.0464818
0.782955 0.448056 0.49334 0.0464818
0.254763 0.0574682 0.477673 0.0464818
0.822698 0.714442 0.479898 0.0464818
0.190534 0.621284 0.0170782 0.0464818
0.937704 0.184679 0.563806 0.0464818
0.689471 0.45639 0.279779 0.0464818
0.304144 0.450007 0.984558 0.0464818
0.540278 0.546108 0.407723 0.0464818
0.265917 0.717709 0.133705 0.0464818
0.0933277 0.914881 0.685883 0.0464818
0.506218 0.583305 0.252808 0.0464818
0.742499 0.620874 0.791795 0.0464818
0.0171099 0.835898 0.576855 0.0464818
0.601852 0.421276 0.108611 0.0464818
0.0286103 0.474161 0.161302 0.0464818
0.275731 0.603897 0.681138 0.0464818
0.05119 0.934478 0.336573 0.0464818
0.954612 0.116988 0.991057 0.0464818
0.876642 0.510376 0.868077 0.0464818
0.29543 0.57139 0.898936 0.0464818
0.296182 0.22097 0.335396 0.0464818
0.42984 0.56685 0.950384 0.0464818
0.96605 0.178662 0.3465 0.0464818
0.145187 0.467129 0.955094 0.0464818
0.222151 0.364925 0.52004 0.0464818
0.663763 0.883033 0.701899 0.0464818
0.0492758 0.65995 0.0848283 0.0464818
0.78475 0.462968 0.264923 0.0464818
0.610082 0.144282 0.40201 0.0464818
0.906036 0.902094 0.738194 0.0464818
0.467042 0.824168 0.49352 0.0464818
0.910976 0.773034 0.331686 0.0464818
0.692536 0.857297 0.61733 0.0464818
0.0970633 0.164632 0.342476 0.0464818
0.276813 0.961976 0.787885 0.0464818
0.890078 0.770071 0.858076 0.0464818
0.457041 0.175983 0.870805 0.0464818
0.789512 0.0911806 0.506183 0.0464818
0.539784 0.473254 0.264365 0.0464818
0.100225 0.936734 0.781458 0.0464818
0.56308 0.523884 0.495064 0.0464818
0.668341 0.644025 0.842853 0.0464818
0.502958 0.393981 0.232714 0.0464818
0.984098 0.365921 0.600856 0.0464818
0.643882 0.671418 0.493639 0.0464818
0.00268487 0.954513 0.0512633 0.0464818
0.956421 0.921469 0.132574 0.0464818
0.729885 0.565263 0.966165 0.0464818
0.649396 0.201555 0.602284 0.0464818
0.81408 0.798429 0.23659 0.0464818
0.739526 0.722447 0.640474 0.0464818
0.422687 0.297993 0.381367 0.0464818
0.713446 0.0976966 0.453139 0.0464818
0.770827 0.232404 0.840293 0.0464818
0.243255 0.278403 0.493169 0.0464818
0.697653 0.334208 0.378514 0.0464818
0.166236 0.911096 0.894706 0.0464818
0.623998 0.768774 0.185234 0.0464818
0.281376 0.170825 0.858322 0.0464818
0.485922 0.0660902 0.0436969 0.0464818
0.917817 0.865587 0.337111 0.0464818
0.0684428 0.223991 0.671221 0.0464818
0.383915 0.106506 0.799725 0.0464818
0.741984 0.0357194 0.145482 0.0464818
0.861198 0.296598 0.51589 0.0464818
0.823378 0.0236653 0.0498137 0.0464818
0.574825 0.808598 0.117128 0.0464818
0.462267 0.401775 0.904206 0.0464818
0.352476 0.588241 0.0393637 0.0464818
0.656249 0.56274 0.179747 0.0464818
0.559746 0.286492 0.945459 0.0464818
0.830026 0.37704 0.645541 0.0464818
0.188267 0.474059 0.771961 0.0464818
0.687734 0.364108 0.290882 0.0464818
0.129646 0.339904 0.615313 0.0464818
0.680391 0.975699 0.424668 0.0464818
0.795361 0.800967 0.0192971 0.0464818
0.0684572 0.762626 0.706321 0.0464818
0.370419 0.26674 0.128591 0.0464818
0.418764 0.795125 0.321681 0.0464818
0.311281 0.995788 0.00137607 0.0464818
0.162997 0.0765936 0.0654859 0.0464818
0.778356 0.575249 0.291028 0.0464818
0.959458 0.400993 0.197516 0.0464818
0.700845 0.173225 0.855869 0.0464818
0.0731737 0.302495 0.0511657 0.0464818
0.549155 0.142288 0.207043 0.0464818
0.351261 0.565067 0.718949 0.0464818
0.336002 0.0887559 0.230052 0.0464818
0.382595 0.339819 0.454068 0.0464818
0.506984 0.867425 0.791711 0.0464818
0.818886 0.8692 0.880014 0.0464818
0.0462075 0.35941 0.755547 0.0464818
0.32395 0.931753 0.544481 0.0464818
0.874959 0.605973 0.419891 0.0464818
0.70726 0.0897949 0.549483 0.0464818
0.500118 0.930749 0.603728 0.0464818
0.0902775 0.267815 0.884315 0.0464818
0.234462 0.239769 0.748985 0.0464818
0.000658251 0.558733 0.988676 0.0464818
0.0109794 0.0225147 0.473711 0.0464818
0.159504 0.467969 0.308408 0.0464818
0.796988 0.972857 0.25095 0.0464818
0.433489 0.145846 0.210234 0.0464818
0.587945 0.806182 0.980677 0.0464818
0.301183 0.674462 0.626229 0.0464818
0.78703 0.405753 0.0454084 0.0464818
0.28503 0.601341 0.448817 0.0464818
0.832254 0.72911 0.308976 0.0464818
0.224091 0.852639 0.648382 0.0464818
0.466654 0.905943 0.449306 0.0464818
0.925302 0.139929 0.777614 0.0464818
0.379955 0.0767239 0.149024 0.0464818
0.52896 0.617286 0.662614 0.0464818
0.384551 0.710638 0.825858 0.0464818
0.725358 0.397635 0.440577 0.0464818
0.604299 0.0114881 0.621278 0.0464818
0.703654 0.418268 0.0845771 0.0464818
0.0751544 0.471155 0.641072 0.0464818
0.03664 0.548446 0.496283 0.0464818
0.579481 0.273265 0.827966 0.0464818
0.183234 0.030385 0.530515 0.0464818
0.271023 0.0773653 0.627724 0.0464818
0.911096 0.0860576 0.703194 0.0464818
0.673956 0.457932 0.391953 0.0464818
0.811393 0.494324 0.181561 0.0464818
0.103415 0.541699 0.316162 0.0464818
0.323268 0.867125 0.776188 0.0464818
0.568216 0.862875 0.861512 0.0464818
0.426669 0.681672 0.748209 0.0464818
0.712451 0.910604 0.909166 0.0464818
0.0503973 0.729482 0.0231326 0.0464818
0.4165 0.11879 0.697375 0.0464818
0.424441 0.555877 0.618073 0.0464818
0.82557 0.064789 0.588434 0.0464818
0.339563 0.982079 0.709856 0.0464818
0.365452 0.743448 0.258833 0.0464818
0.542131 0.416966 0.817681 0.0464818
0.36857 0.946961 0.790896 0.0464818
0.90318 0.0221416 0.346206 0.0464818
0.995239 0.643128 0.336949 0.0464818
0.912045 0.821202 0.783609 0.0464818
0.917599 0.968474 0.674145 0.0464818
0.0813733 0.504086 0.427921 0.0464818
0.727622 0.915342 0.371964 0.0464818
0.7839 0.87617 0.965861 0.0464818
0.519445 0.662959 0.0105033 0.0464818
0.390378 0.26146 0.698114 0.0464818
0.512488 0.851723 0.175228 0.0464818
0.630346 0.5396 0.38347 0.0464818
0.484851 0.399323 0.561356 0.0464818
0.363085 0.625908 0.790665 0.0464818
0.615766 0.203642 0.877748 0.0464818
0.0514419 0.0419725 0.233558 0.0464818
0.962326 0.421339 0.757701 0.0464818
0.711554 0.119461 0.118957 0.0464818
0.880902 0.71248 0.395491 0.0464818
0.224784 0.11344 0.124367 0.0464818
0.159034 0.452957 0.163721 0.0464818
0.509307 0.239955 0.776896 0.0464818
0.348656 0.656813 0.704184 0.0464818
0.730743 0.701098 0.477006 0.0464818
0.645751 0.911642 0.973914 0.0464818
0.258367 0.806128 0.377696 0.0464818
0.557157 0.376626 0.507514 0.0464818
0.65265 0.746627 0.328755 0.0464818
0.171366 0.823288 0.9248 0.0464818
0.896409 0.668604 0.192122 0.0464818
0.748284 0.0136936 0.475552 0.0464818
0.404828 0.90409 0.185152 0.0464818
0.481671 0.050118 0.488151 0.0464818
0.946964 0.102606 0.124404 0.0464818
0.19553 0.560283 0.663594 0.0464818
0.546562 0.26087 0.210267 0.0464818
0.718945 0.932226 0.280959 0.0464818
0.332567 0.486657 0.885705 0.0464818
0.580691 0.0368802 0.448671 0.0464818
0.315927 0.259377 0.868071 0.0464818
0.80452 0.632961 0.0519669 0.0464818
0.649455 0.498428 0.471966 0.0464818
0.619755 0.124751 0.132637 0.0464818
0.457859 0.942399 0.816368 0.0464818
0.886149 0.605611 0.894547 0.0464818
0.246428 0.0908781 0.716351 0.0464818
0.507537 0.0171676 0.231666 0.0464818
0.653275 0.711154 0.118414 0.0464818
0.221269 0.534681 0.288996 0.0464818
0.339806 0.015011 0.622921 0.0464818
0.720791 0.592648 0.0545363 0.0464818
0.29583 0.170406 0.615209 0.0464818
0.43719 0.0787382 0.344236 0.0464818
0.387445 0.00932316 0.380967 0.0464818
0.566875 0.528658 0.111369 0.0464818
0.103313 0.296823 0.717283 0.0464818
0.7019 0.33013 0.931765 0.0464818
0.0771862 0.608307 0.560164 0.0464818
0.386277 0.490268 0.361234 0.0464818
0.257221 0.918334 0.867595 0.0464818
0.158856 0.94617 0.561433 0.0464818
0.536667 0.177132 0.91877 0.0464818
0.33408 0.414886 0.214096 0.0464818
0.362415 0.229722 0.400041 0.0464818
0.569442 0.242109 0.577686 0.0464818
0.106975 0.124207 0.25771 0.0464818
0.274308 0.151617 0.200309 0.0464818
0.949214 0.937778 0.926659 0.0464818
0.504036 0.730576 0.731926 0.0464818
0.482221 0.300565 0.711818 0.0464818
0.0946264 0.873374 0.940438 0.0464818
0.505651 0.556496 0.728973 0.0464818
0.345289 0.296844 0.213297 0.0464818
0.566112 0.967437 0.179339 0.0464818
0.630548 0.639438 0.758043 0.0464818
0.910364 0.0439298 0.620327 0.0464818
0.206448 0.349091 0.286332 0.0464818
0.506843 0.309 0.561901 0.0464818
0.270058 0.330896 0.621604 0.0464818
0.626543 0.969092 0.772509 0.0464818
0.099145 0.044625 0.454213 0.0464818
0.739153 0.865562 0.832352 0.0464818
0.142116 0.706541 0.714748 0.0464818
0.427356 0.207684 0.564139 0.0464818
0.211108 0.783666 0.299172 0.0464818
0.685812 0.787709 0.252038 0.0464818
0.97365 0.110754 0.607225 0.0464818
0.363881 0.182268 0.0734367 0.0464818
0.527845 0.369286 0.9732 0.0464818
0.788375 0.314526 0.383448 0.0464818
0.430763 0.712948 0.575198 0.0464818
0.978888 0.928634 0.839034 0.0464818
0.231696 0.71742 0.581861 0.0464818
0.538454 0.0976977 0.967032 0.0464818
0.65671 0.223635 0.366334 0.0464818
0.816259 0.674088 0.876025 0.0464818
0.582633 0.162032 0.653499 0.0464818
0.320437 0.771672 1.78944e-05 0.0464818
0.426281 0.994236 0.192614 0.0464818
0.0414667 0.950318 0.245487 0.0464818
0.153029 0.218665 0.709418 0.0464818
0.294772 0.421216 0.826685 0.0464818
0.158688 0.563565 0.789557 0.0464818
0.696493 0.680089 0.569791 0.0464818
0.14372 0.987051 0.715788 0.0464818
0.869055 0.129248 0.914967 0.0464818
0.787447 0.669902 0.55349 0.0464818
0.794553 0.88688 0.215674 0.0464818
0.462645 0.359596 0.642417 0.0464818
0.972934 0.839342 0.495131 0.0464818
0.704958 0.78089 0.849773 0.0464818
0.842945 0.915215 0.658897 0.0464818
0.255586 0.515619 0.608452 0.0464818
0.917008 0.95251 0.0126121 0.0464818
0.0510215 0.989123 0.722495 0.0464818
0.686655 0.942393 0.0739421 0.0464818
0.0538433 0.285909 0.29021 0.0464818
0.595417 0.331358 0.579133 0.0464818
0.461397 0.685518 0.662061 0.0464818
0.58826 0.704876 0.242523 0.0464818
0.634469 0.689435 0.402925 0.0464818
0.689519 0.772232 0.579953 0.0464818
0.0213013 0.109031 0.290452 0.0464818
0.797093 0.547676 0.479978 0.0464818
0.276721 0.599063 0.812181 0.0464818
0.562007 0.546347 0.317335 0.0464818
0.676515 0.0472596 0.778407 0.0464818
0.334499 0.26509 0.481355 0.0464818
0.156356 0.0461266 0.247359 0.0464818
0.563145 0.059538 0.167057 0.0464818
0.35815 0.892331 0.693785 0.0464818
0.0689494 0.569452 0.765823 0.0464818
0.966259 0.72984 0.188472 0.0464818
0.0580465 0.514497 0.239716 0.0464818
0.318457 0.0642989 0.410304 0.0464818
0.394423 0.899999 0.277441 0.0464818
0.0761372 0.167928 0.953097 0.0464818
0.221914 0.638765 0.748445 0.0464818
0.620865 0.916605 0.464753 0.0464818
0.597234 0.946382 0.687259 0.0464818
0.374744 0.548472 0.525484 0.0464818
0.268221 0.811058 0.178809 0.0464818
0.427935 0.169242 0.363359 0.0464818
0.763477 0.681702 0.720528 0.0464818
0.38169 0.473991 0.0298751 0.0464818
0.32186 0.257384 0.775318 0.0464818
0.164756 0.917781 0.353397 0.0464818
0.0923446 0.783748 0.606372 0.0464818
0.404933 0.955738 0.899886 0.0464818
0.577832 0.0598113 0.542166 0.0464818
0.447874 0.536944 0.412899 0.0464818
0.989494 0.872019 0.765988 0.0464818
0.51155 0.643057 0.762359 0.0464818
0.549051 0.575936 0.570801 0.0464818
0.49164 0.201249 0.257045 0.0464818
0.672781 0.829325 0.777241 0.0464818
0.702113 0.479931 0.606825 0.0464818
0.404176 0.754642 0.404086 0.0464818
0.816442 0.989817 0.53423 0.0464818
0.750638 0.844982 0.28609 0.0464818
0.720715 0.431021 0.985357 0.0464818
0.185094 0.847946 0.159537 0.0464818
0.976531 0.591575 0.743352 0.0464818
0.0586582 0.143749 0.625311 0.0464818
0.218969 0.47635 0.0108936 0.0464818
0.149815 0.525891 0.23018 0.0464818
0.733538 0.0877821 0.717182 0.0464818
0.7362 0.548061 0.134641 0.0464818
0.998492 0.734344 0.468343 0.0464818
0.852721 0.122996 0.0993743 0.0464818
0.610973 0.404153 0.257024 0.0464818
0.878909 0.546661 0.967113 0.0464818
0.152844 0.211202 0.923337 0.0464818
0.728559 0.531923 0.74789 0.0464818
0.520305 0.778154 0.813969 0.0464818
0.509229 0.0747864 0.402862 0.0464818
0.146308 0.662467 0.797067 0.0464818
0.53685 0.607315 0.153157 0.0464818
0.12654 0.401323 0.0377722 0.0464818
0.0247267 0.14586 0.78444 0.0464818
0.38037 0.933209 0.47061 0.0464818
0.0338806 0.939313 0.965019 0.0464818
0.90875 0.676563 0.314394 0.0464818
0.248031 0.228224 0.923404 0.0464818
0.0120928 0.547145 0.585938 0.0464818
0.765895 0.786923 0.467164 0.0464818
0.393598 0.767213 0.495587 0.0464818
0.134076 0.622348 0.0909269 0.0464818
0.580992 0.750345 0.448447 0.0464818
0.587321 0.993255 0.366847 0.0464818
0.442075 0.856893 0.0316708 0.0464818
0.890685 0.3405 0.181191 0.0464818
0.022789 0.000536338 0.599647 0.0464818
0.259519 0.904086 0.717232 0.0464818
0.574557 0.549422 0.886661 0.0464818
0.209818 0.198601 0.361532 0.0464818
0.889552 0.940514 0.194284 0.0464818
0.112506 0.163534 0.552159 0.0464818
0.890105 0.705379 0.0204685 0.0464818
0.700241 0.386233 0.756127 0.0464818
0.417676 0.335146 0.564692 0.0464818
0.384167 0.792032 0.0645641 0.0464818
0.23853 0.727533 0.0306442 0.0464818
0.723904 0.270092 0.316528 0.0464818
0.198751 0.293161 0.574304 0.0464818
0.621802 0.612557 0.663118 0.0464818
0.166164 0.81717 0.373332 0.0464818
0.99441 0.70647 0.7087 0.0464818
0.615209 0.306464 0.41805 0.0464818
0.802798 0.869766 0.446733 0.0464818
0.730537 0.0219499 0.0542595 0.0464818
0.744203 0.540858 0.839091 0.0464818
0.636871 0.101458 0.69857 0.0464818
0.360576 0.104208 0.606962 0.0464818
0.99931 0.179336 0.12058 0.0464818
0.957121 0.576145 0.456891 0.0464818
0.557425 0.329628 0.271884 0.0464818
0.0984854 0.626468 0.00514488 0.0464818
0.656108 0.90724 0.835298 0.0464818
0.0371142 0.996681 0.814102 0.0464818
0.471509 0.224256 0.965417 0.0464818
0.912739 0.77781 0.639381 0.0464818
0.592849 0.106866 0.780271 0.0464818
0.304772 0.917864 0.260535 0.0464818
0.936197 0.417344 0.0244453 0.0464818
0.859555 0.553766 0.624267 0.0464818
0.160985 0.977555 0.0415845 0.0464818
0.596983 0.608518 0.257723 0.0464818
0.276143 0.288644 0.274891 0.0464818
0.0393043 0.841633 0.666948 0.0464818
0.662944 0.387067 0.181862 0.0464818
0.826623 0.629824 0.961724 0.0464818
0.399734 0.84489 0.428417 0.0464818
0.436085 0.871082 0.567567 0.0464818
0.944691 0.146347 0.431009 0.0464818
0.412444 0.919976 0.3751 0.0464818
0.81048 0.974333 0.158982 0.0464818
0.0381331 0.0829275 0.546317 0.0464818
0.588961 0.731115 0.53905 0.0464818
0.724842 0.956779 0.191491 0.0464818
0.163118 0.128836 0.970508 0.0464818
0.183638 0.13181 0.205679 0.0464818
0.744288 0.757842 0.317847 0.0464818
0.491319 0.767758 0.116082 0.0464818
0.860305 0.633968 0.50732 0.0464818
0.285227 0.469603 0.271207 0.0464818
0.89441 0.0275482 0.23334 0.0464818
0.432175 0.245364 0.0624736 0.0464818
0.265293 0.704219 0.324589 0.0464818
0.617696 0.64724 0.175785 0.0464818
0.10709 0.475692 0.0900514 0.0464818
0.874398 0.449458 0.476652 0.0464818
0.226144 0.475705 0.68708 0.0464818
0.110091 0.895635 0.214784 0.0464818
0.586761 0.280544 0.735384 0.0464818
0.362421 0.852875 0.513814 0.0464818
0.618615 0.998605 0.106133 0.0464818
0.202661 0.20697 0.00171169 0.0464818
0.551426 0.768755 0.661649 0.0464818
0.048421 0.195446 0.269492 0.0464818
0.149987 0.277229 0.142167 0.0464818
0.627863 0.302292 0.326046 0.0464818
0.239344 0.575229 0.0814116 0.0464818
0.132539 0.265237 0.799687 0.0464818
0.761236 0.810849 0.659343 0.0464818
0.321498 0.797638 0.445406 0.0464818
0.659418 0.560471 0.803088 0.0464818
0.651631 0.0615186 0.393874 0.0464818
0.348224 0.0673167 0.319805 0.0464818
0.812762 0.724063 0.0685436 0.0464818
0.576865 0.623695 0.945944 0.0464818
0.921025 0.504091 0.674535 0.0464818
0.190369 0.93555 0.190196 0.0464818
0.0101045 0.407073 0.903181 0.0464818
0.573723 0.0388859 0.0297975 0.0464818
0.690007 0.593465 0.602903 0.0464818
0.0806783 0.551071 0.157299 0.0464818
0.77456 0.142471 0.586064 0.0464818
0.772792 0.028157 0.971687 0.0464818
0.210404 0.410742 0.920315 0.0464818
0.399398 0.587797 0.35202 0.0464818
0.125678 0.773726 0.98882 0.0464818
0.348857 0.999254 0.251646 0.0464818
0.617942 0.0540041 0.942134 0.0464818
0.582358 0.946526 0.0359096 0.0464818
0.53848 0.889963 0.529517 0.0464818
0.125703 0.686487 0.412425 0.0464818
0.0624509 0.780684 0.517376 0.0464818
0.665042 0.834864 0.134344 0.0464818
0.149494 0.858736 0.591597 0.0464818
0.338291 0.145357 0.369335 0.0464818
0.726604 0.765599 0.736149 0.0464818
0.999814 0.185772 0.494644 0.0464818
0.343443 0.758131 0.165295 0.0464818
0.26848 0.745558 0.501254 0.0464818
0.676942 0.257143 0.130754 0.0464818
0.970012 0.329131 0.307935 0.0464818
0.011275 0.287494 0.708112 0.0464818
0.891803 0.952888 0.586203 0.0464818
0.464584 0.954741 0.971181 0.0464818
0.694292 0.3499 0.0222834 0.0464818
0.619239 0.520884 0.596977 0.0464818
0.735102 0.23408 0.617735 0.0464818
0.405789 0.186602 0.470052 0.0464818
0.344515 0.855754 0.132508 0.0464818
0.432913 0.629956 0.0185783 0.0464818
0.984147 0.196281 0.643497 0.0464818
0.406961 0.0376306 0.741697 0.0464818
0.63372 0.0982889 0.605713 0.0464818
0.50773 0.485986 0.871785 0.0464818
0.613946 0.203769 0.181266 0.0464818
0.0332851 0.294912 0.445432 0.0464818
0.293845 0.792802 0.0865546 0.0464818
0.658885 0.754975 0.931577 0.0464818
0.270709 0.732542 0.705403 0.0464818
0.881937 0.581511 0.0532445 0.0464818
0.44755 0.760291 0.872847 0.0464818
0.889152 0.14099 0.631479 0.0464818
0.968196 0.735703 0.980163 0.0464818
0.605041 0.703536 0.875925 0.0464818
0.487447 0.724869 0.948977 0.0464818
0.279286 0.656128 0.202052 0.0464818
0.247251 0.655937 0.513889 0.0464818
0.877386 0.476255 0.2463 0.0464818
0.784481 0.303983 0.898019 0.0464818
0.287839 0.139461 0.291476 0.0464818
0.544663 0.117631 0.477367 0.0464818
0.954444 0.770273 0.55664 0.0464818
0.778339 0.335362 0.98531 0.0464818
0.2485 0.774051 0.941182 0.0464818
0.282266 0.252335 0.573424 0.0464818
0.179797 0.344004 0.693481 0.0464818
0.142465 0.862724 0.818961 0.0464818
0.591714 0.904885 0.604255 0.0464818
0.938347 0.509439 0.0369428 0.0464818
0.822792 0.521206 0.793076 0.0464818
0.66246 0.762483 0.49155 0.0464818
0.528089 0.129837 0.117343 0.0464818
0.294752 0.473429 0.74977 0.0464818
0.720055 0.302311 0.229411 0.0464818
0.786761 0.983831 0.622124 0.0464818
0.872128 0.287483 0.424022 0.0464818
0.963039 0.957449 0.427772 0.0464818
0.832172 0.509553 0.701324 0.0464818
0.101084 0.796926 0.869957 0.0464818
0.974841 0.809927 0.142053 0.0464818
0.600633 0.969771 0.538281 0.0464818
0.986243 0.187303 0.939119 0.0464818
0.585934 0.372678 0.747751 0.0464818
0.902277 0.76107 0.0991895 0.0464818
0.207891 0.42918 0.239152 0.0464818
0.203916 0.401579 0.828032 0.0464818
0.137507 0.341405 0.852753 0.0464818
0.368043 0.428033 0.427841 0.0464818
0.281453 0.161348 0.765843 0.0464818
0.126996 0.880042 0.429503 0.0464818
0.521651 0.227007 0.0797751 0.0464818
0.747826 0.39234 0.58517 0.0464818
0.0625607 0.74378 0.375372 0.0464818
0.534666 0.161955 0.733132 0.0464818
0.754552 0.709729 0.816324 0.0464818
0.345543 0.334453 0.821933 0.0464818
0.221036 0.486741 0.103251 0.0464818
0.256008 0.505704 0.827869 0.0464818
0.440019 0.33806 0.0773342 0.0464818
0.57842 0.284213 0.12611 0.0464818
0.955233 0.359152 0.688965 0.0464818
0.956608 0.818023 0.25543 0.0464818
0.47085 0.354017 0.481396 0.0464818
0.623418 0.27735 0.649427 0.0464818
0.520726 0.551453 0.962425 0.0464818
0.322855 0.0881211 0.86737 0.0464818
0.0118717 0.6538 0.985314 0.0464818
0.831395 0.820646 0.325183 0.0464818
0.672807 0.605513 0.434799 0.0464818
0.346137 0.652256 0.266536 0.0464818
0.74445 0.502909 0.338562 0.0464818
0.0898514 0.62694 0.350692 0.0464818
0.785665 0.444106 0.756753 0.0464818
0.948355 0.273504 0.53853 0.0464818
0.581584 0.666514 0.0795562 0.0464818
0.0715647 0.0642527 0.671743 0.0464818
0.907758 0.751921 0.478372 0.0464818
0.938575 0.0632628 0.916905 0.0464818
0.31404 0.047162 0.781437 0.0464818
0.0875372 0.101722 0.0173544 0.0464818
0.766905 0.224211 0.248058 0.0464818
0.505794 0.216376 0.515005 0.0464818
0.952678 0.542715 0.910679 0.0464818
0.185259 0.0257948 0.424681 0.0464818
0.866148 0.430809 0.81525 0.0464818
0.189313 0.150131 0.760689 0.0464818
0.673319 0.836882 0.337064 0.0464818
0.566518 0.211414 0.999862 0.0464818
0.863506 0.0483878 0.969684 0.0464818
0.88079 0.222466 0.987452 0.0464818
0.0408491 0.24873 0.98256 0.0464818
0.0461208 0.662931 0.202934 0.0464818
0.856176 0.127489 0.452264 0.0464818
0.498747 0.294413 0.0199917 0.0464818
0.65055 0.654267 0.318385 0.0464818
0.290091 0.411443 0.665858 0.0464818
0.79006 0.634088 0.446428 0.0464818
0.0918918 0.84497 0.138994 0.0464818
0.484099 0.936177 0.148699 0.0464818
0.616179 0.161252 0.310587 0.0464818
0.577731 0.625528 0.833368 0.0464818
0.24911 0.99273 0.691231 0.0464818
0.161962 0.111158 0.489704 0.0464818
0.0459701 0.300095 0.622791 0.0464818
0.705567 0.189328 0.187535 0.0464818
0.61343 0.786298 0.834424 0.0464818
0.108137 0.774895 0.0801059 0.0464818
0.117508 0.193709 0.184746 0.0464818
0.953826 0.246802 0.441704 0.0464818
0.599005 0.942404 0.89968 0.0464818
0.00896386 0.53405 0.677921 0.0464818
0.79983 0.470033 0.956015 0.0464818
0.649854 0.360564 0.681346 0.0464818
0.0290885 0.574914 0.398057 0.0464818
0.878213 0.990668 0.898309 0.0464818
0.743582 0.618056 0.890882 0.0464818
0.0933596 0.00844376 0.539651 0.0464818
0.680074 0.185058 0.447625 0.0464818
0.840112 0.505572 0.326259 0.0464818
0.220163 0.534828 0.452045 0.0464818
0.936219 0.594535 0.659322 0.0464818
0.495724 0.156601 0.0248836 0.0464818
0.294432 0.821328 0.282411 0.0464818
0.619409 0.354426 0.96708 0.0464818
0.175186 0.555112 0.953612 0.0464818
0.382961 0.186874 0.643122 0.0464818
0.746875 0.205462 0.705397 0.0464818
0.0790009 0.851145 0.752025 0.0464818
0.811738 0.0593524 0.89325 0.0464818
0.646791 0.591847 0.998272 0.0464818
0.154093 0.0793474 0.711786 0.0464818
0.201917 0.789164 0.843902 0.0464818
0.403308 0.627345 0.106663 0.0464818
0.52595 0.00470314 0.10185 0.0464818
0.445836 0.386757 0.398062 0.0464818
0.0514921 0.341357 0.36479 0.0464818
0.893682 0.750796 0.242654 0.0464818
0.906684 0.420365 0.394421 0.0464818
0.977297 0.308759 0.79199 0.0464818
0.362936 0.801226 0.828399 0.0464818
0.542474 0.526304 0.649131 0.0464818
0.328008 0.386661 0.747039 0.0464818
0.342377 0.0190065 0.0858518 0.0464818
0.243251 0.573327 0.370639 0.0464818
0.943426 0.386453 0.841772 0.0464818
0.642856 0.975291 0.231214 0.0464818
0.529297 0.677443 0.42285 0.0464818
0.653338 0.792132 0.685451 0.0464818
0.839803 0.889577 0.134512 0.0464818
0.518604 6.70461e-05 0.66285 0.0464818
0.280227 0.644705 0.0240656 0.0464818
0.596111 0.881279 0.769203 0.0464818
0.487286 0.291937 0.142761 0.0464818
0.0538897 0.495512 0.911294 0.0464818
0.096531 0.606277 0.454921 0.0464818
0.474157 0.930905 0.240979 0.0464818
0.835121 0.401369 0.554505 0.0464818
0.637305 0.500131 0.954249 0.0464818
0.400555 0.10519 0.425478 0.0464818
0.0612123 0.569262 0.0682354 0.0464818
0.976309 0.796424 0.0500869 0.0464818
0.955098 0.28409 0.63412 0.0464818
0.879638 0.506888 0.109359 0.0464818
0.725959 0.526512 0.230853 0.0464818
0.466847 0.347671 0.316373 0.0464818
0.49304 0.930626 0.0563334 0.0464818
0.23543 0.293917 0.998766 0.0464818
0.141451 0.852822 0.291111 0.0464818
0.878163 0.661011 0.101284 0.0464818
0.123165 0.96416 0.957725 0.0464818
0.0906248 0.694199 0.49817 0.0464818
0.877415 0.938661 0.377977 0.0464818
0.978933 0.9187 0.594981 0.0464818
0.411878 0.719475 0.11565 0.0464818
0.755569 0.853766 0.741613 0.0464818
0.901562 0.219883 0.679062 0.0464818
0.817206 0.0810291 0.757135 0.0464818
0.325621 0.987112 0.862906 0.0464818
0.550723 0.944328 0.820261 0.0464818
0.209972 0.0239365 0.769568 0.0464818
0.316431 0.143051 0.459663 0.0464818
0.785568 0.89738 0.587961 0.0464818
0.0649957 0.446864 0.730229 0.0464818
0.386598 0.935288 0.613073 0.0464818
0.91255 0.852888 0.564504 0.0464818
0.666733 0.413534 0.910571 0.0464818
0.994919 0.88026 0.386934 0.0464818
0.108929 0.35691 0.117519 0.0464818
0.490941 0.602662 0.462585 0.0464818
0.067651 0.455906 0.317818 0.0464818
0.930652 0.569781 0.821213 0.0464818
0.766976 0.252013 0.156845 0.0464818
0.653441 0.235349 0.266829 0.0464818
0.939941 0.553273 0.263755 0.0464818
0.318814 0.265559 0.0512747 0.0464818
0.853643 0.829603 0.693514 0.0464818
0.110242 0.429845 0.239401 0.0464818
0.649534 0.842507 0.901696 0.0464818
0.493907 0.770252 0.422713 0.0464818
0.746358 0.798545 0.931116 0.0464818
0.709915 0.866831 0.449264 0.0464818
0.274491 0.74116 0.239778 0.0464818
0.741441 0.800136 0.1786 0.0464818
0.357363 0.608543 0.185262 0.0464818
0.724195 0.668777 0.390088 0.0464818
0.66992 0.344126 0.525016 0.0464818
0.957889 0.0115028 0.109467 0.0464818
0.617164 0.839647 0.516773 0.0464818
0.910766 0.421444 0.633226 0.0464818
0.471137 0.0728328 0.166715 0.0464818
0.572668 0.151 0.559492 0.0464818
0.906198 0.249794 0.34617 0.0464818
0.624034 0.723865 0.624838 0.0464818
0.713214 0.933996 0.761897 0.0464818
0.301077 0.553726 0.234953 0.0464818
0.243767 0.0950452 0.819002 0.0464818
0.376505 0.40085 0.337755 0.0464818
0.0352875 0.665547 0.417792 0.0464818
0.795793 0.195424 0.0136506 0.0464818
0.598525 0.555835 0.732996 0.0464818
0.711313 0.364043 0.845722 0.0464818
0.973008 0.878546 0.00664431 0.0464818
0.509342 0.450235 0.476893 0.0464818
0.634681 0.913487 0.372875 0.0464818
0.70351 0.61188 0.707453 0.0464818
0.354609 0.887799 0.861233 0.0464818
0.168217 0.228166 0.515264 0.0464818
0.376552 0.918571 0.00832803 0.0464818
0.548255 0.746443 0.0457524 0.0464818
0.421741 0.480882 0.482299 0.0464818
0.378049 0.730542 0.653483 0.0464818
0.339853 0.720317 0.555207 0.0464818
0.801602 0.474798 0.40628 0.0464818
0.298046 0.82141 0.699271 0.0464818
0.69321 0.872462 0.214564 0.0464818
0.949929 0.0110839 0.542881 0.0464818
0.651311 0.688174 0.0220124 0.0464818
0.99097 0.261186 0.0645214 0.0464818
0.944516 0.0149995 0.837673 0.0464818
0.158909 0.363222 0.19565 0.0464818
0.185632 0.707396 0.956898 0.0464818
0.212336 0.593527 0.217584 0.0464818
0.498323 0.997831 0.753661 0.0464818
0.55498 0.337646 0.667397 0.0464818
0.484145 0.449916 0.647149 0.0464818
0.30659 0.304441 0.401889 0.0464818
0.812275 0.305325 0.218066 0.0464818
0.243551 0.967454 0.381779 0.0464818
0.531613 0.659088 0.300288 0.0464818
0.584144 0.464485 0.415182 0.0464818
0.69212 0.508009 0.028918 0.0464818
0.121971 0.969763 0.287714 0.0464818
0.280673 0.187084 0.114613 0.0464818
0.932405 0.299542 0.872872 0.0464818
0.785494 0.119609 0.960847 0.0464818
0.305263 0.860601 0.022459 0.0464818
0.654533 0.497727 0.11332 0.0464818
0.234633 0.631251 0.935849 0.0464818
0.446663 0.639983 0.82886 0.0464818
0.878294 0.432067 0.164515 0.0464818
0.87203 0.427136 0.717543 0.0464818
0.405224 0.245724 0.903872 0.0464818
0.966721 0.972549 0.758005 0.0464818
0.411868 0.341129 0.16588 0.0464818
0.211401 0.213485 0.171029 0.0464818
0.956564 0.739943 0.791524 0.0464818
0.718628 0.0224896 0.257159 0.0464818
0.774622 0.636371 0.639242 0.0464818
0.636654 0.593037 0.0940712 0.0464818
0.817324 0.200306 0.64496 0.0464818
0.755777 0.827015 0.378882 0.0464818
0.14252 0.615298 0.274976 0.0464818
0.936459 0.679622 0.546583 0.0464818
0.145198 0.429995 0.686351 0.0464818
0.258665 0.32975 0.0813398 0.0464818
0.942157 0.572239 0.365223 0.0464818
0.806145 0.910074 0.322481 0.0464818
0.496932 0.912182 0.895124 0.0464818
0.755576 0.545848 0.648461 0.0464818
0.00950269 0.00466711 0.903563 0.0464818
0.0558695 0.0963064 0.390193 0.0464818
0.86501 0.732568 0.573674 0.0464818
0.393506 0.0252229 0.47236 0.0464818
0.500048 0.0793537 0.707701 0.0464818
0.427564 0.0164266 0.65356 0.0464818
0.966027 0.644221 0.248701 0.0464818
0.515936 0.331305 0.792816 0.0464818
0.489468 0.385422 0.140214 0.0464818
0.310785 0.10624 0.0799761 0.0464818
0.672336 0.910716 0.541944 0.0464818
0.821507 0.319195 0.122858 0.0464818
0.456825 0.267851 0.628589 0.0464818
0.678471 0.82585 0.988457 0.0464818
0.633634 0.39981 0.460016 0.0464818
0.59166 0.0491744 0.25493 0.0464818
0.352892 0.312386 0.321669 0.0464818
0.722753 0.461163 0.164811 0.0464818
0.481432 0.583101 0.0825533 0.0464818
0.166586 0.479078 0.400434 0.0464818
0.969273 0.613114 0.0572323 0.0464818
0.885735 0.514085 0.410795 0.0464818
0.665932 0.720821 0.79052 0.0464818
0.600937 0.85699 0.203358 0.0464818
0.349172 0.339766 0.66961 0.0464818
0.0101046 0.63731 0.502708 0.0464818
0.96744 0.0871853 0.363005 0.0464818
0.227003 0.955748 0.496519 0.0464818
0.16153 0.402349 0.460317 0.0464818
0.172396 0.89138 0.988083 0.0464818
0.076047 0.230786 0.110257 0.0464818
0.55052 0.774248 0.901799 0.0464818
0.123079 0.710185 0.224995 0.0464818
0.0623458 0.381919 0.663766 0.0464818
0.125374 0.382002 0.317734 0.0464818
0.216338 0.24704 0.0844738 0.0464818
0.151221 0.0960715 0.374234 0.0464818
0.976388 0.730821 0.280877 0.0464818
0.38631 0.687055 0.342808 0.0464818
0.303072 0.54578 0.142351 0.0464818
0.672322 0.699166 0.700339 0.0464818
0.609449 0.20098 0.777776 0.0464818
0.110847 0.174939 0.803931 0.0464818
0.138209 0.704928 0.133421 0.0464818
0.0358576 0.741232 0.127904 0.0464818
0.0598888 0.691094 0.290453 0.0464818
0.724167 0.528575 0.42558 0.0464818
0.828824 0.653958 0.254251 0.0464818
0.0753874 0.371586 0.47691 0.0464818
0.0901559 0.146559 0.717858 0.0464818
0.258677 0.331427 0.854906 0.0464818
0.0728475 0.068614 0.765473 0.0464818
0.475654 0.710039 0.354277 0.0464818
0.458558 0.838635 0.249809 0.0464818
0.00190903 0.505048 0.765963 0.0464818
0.385355 0.583902 0.870556 0.0464818
0.469225 0.307353 0.232641 0.0464818
0.809217 0.0538896 0.20706 0.0464818
0.839113 0.798071 0.937324 0.0464818
0.131372 0.371667 0.949798 0.0464818
0.891662 0.751205 0.725926 0.0464818
0.494212 0.928634 0.331726 0.0464818
0.823334 0.579107 0.12537 0.0464818
0.697058 0.00179281 0.92466 0.0464818
0.790744 0.486541 0.0912539 0.0464818
0.236372 0.965022 0.114981 0.0464818
0.631611 0.29746 0.201194 0.0464818
0.0399125 0.19253 0.863392 0.0464818
0.474327 0.628423 0.588228 0.0464818
0.102309 0.4909 0.803104 0.0464818
0.251242 0.867344 0.945097 0.0464818
0.0501529 0.386424 0.183219 0.0464818
0.548271 0.918912 0.406728 0.0464818
0.919671 0.497717 0.58083 0.0464818
0.802875 0.364237 0.829641 0.0464818
0.770107 0.157386 0.781498 0.0464818
0.697412 0.139163 0.368661 0.0464818
0.0183456 0.550553 0.845345 0.0464818
0.820854 0.264297 0.312283 0.0464818
0.825992 0.387522 0.427023 0.0464818
0.34152 0.968832 0.164108 0.0464818
0.578091 0.0820253 0.340831 0.0464818
0.402376 0.00757119 0.015693 0.0464818
0.940997 0.363521 0.947561 0.0464818
0.197989 0.750819 0.187851 0.0464818
0.969951 0.70544 0.0680803 0.0464818
0.635763 0.776524 0.0546778 0.0464818
0.428219 0.446046 0.105349 0.0464818
0.316061 0.85372 0.594388 0.0464818
0.887885 0.820116 0.173312 0.0464818
0.452935 0.0969677 0.61468 0.0464818
0.555129 0.892916 0.96501 0.0464818
0.679313 0.139945 0.77178 0.0464818
0.345437 0.531259 0.966249 0.0464818
0.246408 0.0871061 0.356165 0.0464818
0.565402 0.964006 0.28137 0.0464818
0.29477 0.394383 0.38157 0.0464818
0.194136 0.647992 0.345041 0.0464818
0.193318 0.392624 0.10186 0.0464818
0.206265 0.80626 0.726953 0.0464818
0.909281 0.497176 0.766494 0.0464818
0.0417206 0.777141 0.794166 0.0464818
0.496626 0.463312 0.383852 0.0464818
0.426521 0.984154 0.300457 0.0464818
0.423383 0.136657 0.970009 0.0464818
0.707126 0.168063 0.948477 0.0464818
0.836153 0.204201 0.40372 0.0464818
0.563453 0.412084 0.612356 0.0464818
0.756082 0.925685 0.504464 0.0464818
0.0666005 0.297359 0.532187 0.0464818
0.159351 0.176129 0.103614 0.0464818
0.435296 0.774491 0.77652 0.0464818
0.448286 0.955292 0.530124 0.0464818
0.429585 0.272243 0.497286 0.0464818
0.895503 0.876344 0.444547 0.0464818
0.30072 0.389661 0.913927 0.0464818
0.125003 0.24265 0.599841 0.0464818
0.228056 0.289483 0.354447 0.0464818
0.792685 0.665923 0.138249 0.0464818
0.934875 0.687522 0.639861 0.0464818
0.901989 0.679566 0.840492 0.0464818
0.671173 0.947206 0.627438 0.0464818
0.0973964 0.517635 0.563695 0.0464818
0.811761 0.21939 0.92526 0.0464818
0.3975 0.094362 0.0486448 0.0464818
0.836639 0.0435621 0.41738 0.0464818
0.348129 0.483568 0.674335 0.0464818
0.643917 0.923184 0.154234 0.0464818
0.638787 0.125805 0.225389 0.0464818
0.130501 0.395286 0.77135 0.0464818
0.316316 0.46996 0.492716 0.0464818
0.263604 0.617412 0.291364 0.0464818
0.436009 0.842133 0.123255 0.0464818
0.237044 0.809077 0.567284 0.0464818
0.45894 0.441788 0.30164 0.0464818
0.379762 0.515345 0.185185 0.0464818
0.87849 0.964978 0.096297 0.0464818
0.99979 0.575376 0.19614 0.0464818
0.583195 0.130493 0.042475 0.0464818
0.789919 0.177602 0.325287 0.0464818
0.960484 0.477795 0.844598 0.0464818
0.402104 0.237801 0.296028 0.0464818
0.990675 0.455943 0.265693 0.0464818
0.786989 0.28762 0.678505 0.0464818
0.469587 0.13212 0.530245 0.0464818
0.145808 0.63224 0.908439 0.0464818
0.0776317 0.131824 0.10475 0.0464818
0.440156 0.64184 0.281992 0.0464818
0.31922 0.93011 0.936064 0.0464818
0.573372 0.845972 0.354845 0.0464818
0.65348 0.0732143 0.0630039 0.0464818
0.574062 0.706773 0.788335 0.0464818
0.45636 0.736498 0.035814 0.0464818
0.144601 0.720626 0.314828 0.0464818
0.974346 0.206648 0.73536 0.0464818
0.997497 0.922451 0.685995 0.0464818
0.397273 0.361283 0.256235 0.0464818
0.0627866 0.429708 0.976355 0.0464818
0.12974 0.62717 0.183664 0.0464818
0.0724235 0.698058 0.639557 0.0464818
0.111987 0.989317 0.380603 0.0464818
0.580466 0.620981 0.369596 0.0464818
0.977379 0.498524 0.409581 0.0464818
0.251738 0.136753 0.939581 0.0464818
0.415735 0.23689 0.204074 0.0464818
0.736131 0.202279 0.0846137 0.0464818
0.195422 0.0429017 0.985138 0.0464818
0.49221 0.620925 0.907628 0.0464818
0.242176 0.445015 0.442484 0.0464818
0.827638 0.74579 0.658741 0.0464818
0.317402 0.629225 0.366253 0.0464818
0.204425 0.403533 0.36166 0.0464818
0.57571 0.431018 0.903402 0.0464818
0.566962 0.225828 0.390475 0.0464818
0.841085 0.610066 0.813358 0.0464818
0.870193 0.388091 0.0830122 0.0464818
0.328408 0.946788 0.345664 0.0464818
0.943512 0.502045 0.186262 0.0464818
0.774709 0.103834 0.052553 0.0464818
0.695255 0.43387 0.52072 0.0464818
0.0571338 0.715402 0.861937 0.0464818
0.852375 0.191058 0.820953 0.0464818
0.0468213 0.600889 0.272162 0.0464818
0.235212 0.00810343 0.857628 0.0464818
0.983504 0.0339783 0.67698 0.0464818
0.931513 0.257865 0.193308 0.0464818
0.523213 0.483675 0.568794 0.0464818
0.140166 0.173582 0.424356 0.0464818
0.378035 0.474823 0.269933 0.0464818
0.789184 0.578095 0.568007 0.0464818
0.84204 0.291188 0.0366239 0.0464818
0.68747 0.0874865 0.88922 0.0464818
0.937957 0.186016 0.0510573 0.0464818
0.500611 0.176739 0.612289 0.0464818
0.620576 0.385327 0.369121 0.0464818
0.808812 0.110545 0.667604 0.0464818
0.82777 0.493833 0.560707 0.0464818
0.379518 0.405761 0.611593 0.0464818
0.458423 0.0516855 0.95607 0.0464818
0.377037 0.589778 0.442233 0.0464818
0.544024 0.082116 0.625842 0.0464818
0.217253 0.265341 0.661056 0.0464818
0.977774 0.0269179 0.288226 0.0464818
0.118438 0.0802707 0.593076 0.0464818
0.778688 0.345319 0.294972 0.0464818
0.0957578 0.252924 0.39037 0.0464818
0.155327 0.85455 0.0717159 0.0464818
0.33523 0.0737219 0.694853 0.0464818
0.259123 0.423538 0.159794 0.0464818
0.4618 0.775269 0.637835 0.0464818
0.467902 0.508743 0.0284239 0.0464818
0.453599 0.165548 0.778493 0.0464818
0.325167 0.654751 0.870493 0.0464818
0.0786531 0.782127 0.292229 0.0464818
0.504484 0.766141 0.555756 0.0464818
0.333945 0.76386 0.343879 0.0464818
0.7671 0.393926 0.913841 0.0464818
0.639013 0.474386 0.202956 0.0464818
0.875945 0.0572451 0.510667 0.0464818
0.53768 0.693058 0.609465 0.0464818
0.457415 0.73173 0.265739 0.0464818
0.746068 0.913055 0.670643 0.0464818
0.654698 0.312661 0.790114 0.0464818
0.911335 0.873476 0.871227 0.0464818
0.591096 0.294875 0.0326104 0.0464818
0.977045 0.0195809 0.98939 0.0464818
0.167725 0.485765 0.615468 0.0464818
0.40716 0.0202942 0.833029 0.0464818
0.294559 0.378509 0.289972 0.0464818
0.274776 0.0119382 0.306358 0.0464818
0.869708 0.592284 0.310528 0.0464818
0.630409 0.869331 0.0552571 0.0464818
0.383381 0.45524 0.776585 0.0464818
0.733503 0.841008 0.535485 0.0464818
0.326562 0.0983998 0.988697 0.0464818
0.555541 0.713336 0.155528 0.0464818
0.98468 0.539412 0.111757 0.0464818
0.30373 0.982079 0.451111 0.0464818
0.476722 0.84905 0.376477 0.0464818
0.364556 0.0320436 0.934373 0.0464818
0.541219 0.874695 0.27237 0.0464818
0.43096 0.473876 0.574765 0.0464818
0.646495 0.48016 0.758083 0.0464818
0.474013 0.988904 0.408008 0.0464818
0.5408 0.365944 0.0651954 0.0464818
0.642138 0.490582 0.861904 0.0464818
0.190063 0.133275 0.298409 0.0464818
0.332101 0.709938 0.0688864 0.0464818
0.00439718 0.863219 0.920493 0.0464818
0.747 0.309372 0.779542 0.0464818
0.408646 0.927088 0.0951592 0.0464818
0.417474 0.250839 0.786404 0.0464818
0.513961 0.696828 0.858557 0.0464818
0.185828 0.550409 0.55116 0.0464818
0.203843 0.321705 0.780469 0.0464818
0.090623 0.535385 0.986813 0.0464818
0.797917 0.781999 0.85555 0.0464818
0.503084 0.256406 0.878179 0.0464818
0.405924 0.336128 0.751267 0.0464818
0.83398 0.871462 0.788312 0.0464818
0.804962 0.551185 0.910957 0.0464818
0.133232 0.779777 0.778012 0.0464818
0.493517 0.820853 0.71239 0.0464818
0.931555 0.806773 0.932741 0.0464818
0.978247 0.064498 0.765398 0.0464818
0.836961 0.695043 0.775885 0.0464818
0.871457 0.192577 0.28166 0.0464818
0.432624 0.604316 0.696997 0.0464818
0.222753 0.664678 0.84992 0.0464818
0.572571 0.364876 0.176463 0.0464818
0.280858 0.736106 0.862726 0.0464818
0.805377 0.307096 0.589484 0.0464818
0.535994 0.34982 0.881681 0.0464818
0.0860222 0.870472 0.5124 0.0464818
0.0760167 0.944083 0.88016 0.0464818
0.967987 0.241412 0.27722 0.0464818
0.688003 0.265843 0.866067 0.0464818
0.0724485 0.13128 0.474716 0.0464818
0.566059 0.238592 0.298391 0.0464818
0.0191506 0.870254 0.0869208 0.0464818
0.202261 0.73256 0.386767 0.0464818
0.856801 0.465455 0.0293334 0.0464818
0.965547 0.339709 0.400187 0.0464818
0.00216599 0.45486 0.580717 0.0464818
0.659344 0.0293034 0.497646 0.0464818
0.116766 0.551918 0.871734 0.0464818
0.17627 0.480566 0.868518 0.0464818
0.338805 0.483861 0.581841 0.0464818
0.928882 0.868061 0.654755 0.0464818
0.20709 0.573644 0.868284 0.0464818
0.0576141 0.598074 0.926624 0.0464818
0.730881 0.947791 0.992351 0.0464818
0.792936 0.406322 0.138183 0.0464818
0.452339 0.398444 0.802302 0.0464818
0.0487349 0.330475 0.938997 0.0464818
0.538514 0.242997 0.66535 0.0464818
0.364621 0.82876 0.22191 0.0464818
0.745618 0.22266 0.393475 0.0464818
0.0367845 0.811573 0.433534 0.0464818
0.219409 0.886614 0.421835 0.0464818
0.591546 0.197889 0.475665 0.0464818
0.528241 0.772725 0.221633 0.0464818
0.791678 0.956929 0.894358 0.0464818
0.212145 0.948656 0.279618 0.0464818
0.654101 -0.001892 0.00702144 0.0464818
0.654101 0.998108 1.00702 0.0464818
0.654101 -0.001892 1.00702 0.0464818
1.03346 0.789859 0.211357 0.0464818
0.92158 0.628406 -0.021086 0.0464818
1.01063 0.529318 0.319174 0.0464818
0.875349 -0.026773 0.46425 0.0464818
-0.039356 0.172259 0.214877 0.0464818
-0.027948 0.796509 0.714643 0.0464818
0.69745 0.0817174 -0.018461 0.0464818
0.112703 -0.013363 0.190812 0.0464818
0.0543825 0.828916 1.01147 0.0464818
-0.033671 0.486913 0.501153 0.0464818
-0.042586 0.91085 0.250472 0.0464818
0.671021 0.159688 1.03373 0.0464818
0.234466 0.124351 1.03008 0.0464818
0.433769 1.01671 0.102718 0.0464818
0.2132 0.383581 1.00918 0.0464818
1.02827 0.486404 0.0419321 0.0464818
0.0282736 0.486404 1.04193 0.0464818
1.02827 0.486404 1.04193 0.0464818
0.272709 1.04638 0.933594 0.0464818
-0.04587 0.107361 0.514874 0.0464818
1.00699 0.0766316 0.0564034 0.0464818
1.03626 0.410074 0.0943942 0.0464818
1.00274 0.122668 0.697143 0.0464818
0.72294 -0.011144 0.836314 0.0464818
1.01526 0.0799117 0.849273 0.0464818
-0.045979 0.272195 0.959053 0.0464818
0.954021 0.272195 -0.040947 0.0464818
-0.045979 0.272195 -0.040947 0.0464818
1.01958 0.0116349 0.377683 0.0464818
0.0195829 1.01163 0.377683 0.0464818
1.01958 1.01163 0.377683 0.0464818
0.22488 -0.033046 0.940345 0.0464818
0.837055 0.881416 1.04195 0.0464818
0.864605 0.133198 1.00774 0.0464818
0.617235 0.1461 -0.042613 0.0464818
0.187984 1.03651 0.63656 0.0464818
-0.013474 0.652649 0.812723 0.0464818
-0.007648 0.442751 0.672365 0.0464818
0.394689 0.308851 1.00161 0.0464818
0.579245 1.03343 0.724912 0.0464818
0.737587 0.253236 -0.030077 0.0464818
0.100695 1.01703 0.100314 0.0464818
0.737539 0.868651 1.04609 0.0464818
1.02786 0.171381 0.0324667 0.0464818
0.0278591 0.171381 1.03247 0.0464818
1.02786 0.171381 1.03247 0.0464818
0.754531 -0.002335 0.708217 0.0464818
0.795947 -0.041974 0.418353 0.0464818
0.382102 0.397587 -0.023082 0.0464818
0.409231 1.03269 0.563679 0.0464818
0.889617 0.799217 1.01536 0.0464818
-0.00327 0.318716 0.219505 0.0464818
0.843465 1.02563 0.682786 0.0464818
0.83045 -0.044415 0.97884 0.0464818
0.83045 0.955585 -0.02116 0.0464818
0.83045 -0.044415 -0.02116 0.0464818
0.66407 1.01274 0.692993 0.0464818
-0.040642 0.948884 0.335277 0.0464818
0.526641 -0.031013 0.482007 0.0464818
1.00059 0.414724 0.44246 0.0464818
0.199848 1.03393 0.165578 0.0464818
1.03013 0.058322 0.14456 0.0464818
0.317992 0.277928 -0.040859 0.0464818
-0.009245 0.35092 0.509352 0.0464818
-0.045643 0.451578 0.108947 0.0464818
1.02367 0.70838 0.561081 0.0464818
0.879324 0.878987 -0.040815 0.0464818
1.04064 0.77491 0.937066 0.0464818
0.550966 1.03715 0.825308 0.0464818
0.740307 0.655814 -0.015554 0.0464818
-0.02476 0.809152 0.850716 0.0464818
0.0662645 1.01128 0.0141527 0.0464818
0.0662645 0.0112817 1.01415 0.0464818
0.0662645 1.01128 1.01415 0.0464818
0.636062 1.01554 0.855866 0.0464818
0.109831 -0.01329 0.629222 0.0464818
1.03425 0.42892 0.816108 0.0464818
0.5006 1.01868 0.573567 0.0464818
-0.029847 0.98667 0.198209 0.0464818
0.970153 -0.01333 0.198209 0.0464818
-0.029847 -0.01333 0.198209 0.0464818
-0.010886 0.414369 0.349998 0.0464818
0.562946 0.585511 1.03792 0.0464818
0.812915 1.00149 0.337948 0.0464818
0.507715 1.02057 0.327361 0.0464818
0.802753 0.545533 1.02042 0.0464818
0.142662 1.00741 0.866356 0.0464818
0.928487 0.324948 1.03121 0.0464818
0.571217 0.494785 1.01941 0.0464818
0.264497 -0.013172 0.212952 0.0464818
0.484836 1.00332 0.881202 0.0464818
1.01922 0.878696 0.186142 0.0464818
0.497407 0.820077 -0.037202 0.0464818
1.02988 0.310514 0.133042 0.0464818
0.740311 1.03494 0.385401 0.0464818
0.0889435 0.913173 1.03592 0.0464818
-0.03169 0.724235 0.887909 0.0464818
0.260477 0.560407 -0.009787 0.0464818
0.460341 0.412137 1.02497 0.0464818
0.635408 0.427598 1.02215 0.0464818
-0.02311 0.649868 0.142282 0.0464818
-0.000741 0.801774 0.336418 0.0464818
1.04473 0.341765 0.846808 0.0464818
0.113699 0.206871 1.02869 0.0464818
0.146764 0.699733 1.041 0.0464818
0.807328 0.71966 -0.024157 0.0464818
-0.039439 0.224001 0.82658 0.0464818
1.02786 0.0894266 0.940886 0.0464818
0.12715 0.282803 -0.023227 0.0464818
0.717556 -0.007777 0.560622 0.0464818
1.03534 0.862828 0.276311 0.0464818
0.0430763 -0.045338 0.138162 0.0464818
1.04308 0.954662 0.138162 0.0464818
1.04308 -0.045338 0.138162 0.0464818
0.250775 -0.006478 0.583163 0.0464818
0.222552 0.81833 1.0187 0.0464818
0.876691 1.0449 0.143745 0.0464818
0.243455 0.937388 1.0265 0.0464818
1.01185 0.36376 0.0175725 0.0464818
0.0118525 0.36376 1.01757 0.0464818
1.01185 0.36376 1.01757 0.0464818
1.00429 0.761801 0.634653 0.0464818
-0.031077 0.0786691 0.211508 0.0464818
-0.019239 0.471504 0.963429 0.0464818
0.980761 0.471504 -0.036571 0.0464818
-0.019239 0.471504 -0.036571 0.0464818
0.381929 0.217585 -0.010642 0.0464818
0.674202 -0.005731 0.333788 0.0464818
0.582384 0.714427 -0.034575 0.0464818
0.382242 0.702826 -0.009072 0.0464818
-0.025296 0.632686 0.902745 0.0464818
0.674016 0.253162 1.03775 0.0464818
0.508324 0.459334 -0.039155 0.0464818
1.04275 0.377015 0.275409 0.0464818
1.02666 0.236221 0.188831 0.0464818
0.928894 1.04357 0.43549 0.0464818
0.858406 0.38256 -0.012715 0.0464818
1.03496 0.185001 0.408582 0.0464818
1.00777 0.635029 0.615938 0.0464818
0.302584 0.357964 1.00429 0.0464818
1.03978 0.217854 0.572207 0.0464818
0.812542 1.0052 0.817695 0.0464818
0.533845 0.848071 1.04361 0.0464818
-0.027959 0.722212 0.379959 0.0464818
0.137448 -0.038118 0.472342 0.0464818
1.0024 0.262417 0.363993 0.0464818
0.294097 0.190222 1.00274 0.0464818
1.04323 0.243522 0.785733 0.0464818
1.04359 0.137689 0.191057 0.0464818
0.410322 0.790072 -0.024623 0.0464818
0.251592 1.03769 0.05903 0.0464818
0.722297 0.745234 1.00337 0.0464818
0.887312 1.02043 0.764595 0.0464818
0.54498 -0.002784 0.951825 0.0464818
1.02941 0.943766 0.520443 0.0464818
0.185827 1.02092 0.331847 0.0464818
0.322257 1.02387 0.532059 0.0464818
0.190534 0.621284 1.01708 0.0464818
0.304144 0.450007 -0.015442 0.0464818
1.01711 0.835898 0.576855 0.0464818
1.02861 0.474161 0.161302 0.0464818
-0.045388 0.116988 0.991057 0.0464818
0.954612 0.116988 -0.008943 0.0464818
-0.045388 0.116988 -0.008943 0.0464818
-0.03395 0.178662 0.3465 0.0464818
0.145187 0.467129 -0.044906 0.0464818
0.276813 -0.038024 0.787885 0.0464818
-0.015902 0.365921 0.600856 0.0464818
0.00268487 -0.045487 0.0512633 0.0464818
1.00268 0.954513 0.0512633 0.0464818
1.00268 -0.045487 0.0512633 0.0464818
-0.043579 0.921469 0.132574 0.0464818
0.729885 0.565263 -0.033835 0.0464818
0.485922 0.0660902 1.0437 0.0464818
0.741984 1.03572 0.145482 0.0464818
0.823378 1.02367 0.0498137 0.0464818
0.352476 0.588241 1.03936 0.0464818
0.680391 -0.024301 0.424668 0.0464818
0.795361 0.800967 1.0193 0.0464818
0.311281 -0.004212 0.00137607 0.0464818
0.311281 0.995788 1.00138 0.0464818
0.311281 -0.004212 1.00138 0.0464818
-0.040542 0.400993 0.197516 0.0464818
1.04621 0.35941 0.755547 0.0464818
0.000658251 0.558733 -0.011324 0.0464818
1.00066 0.558733 0.988676 0.0464818
1.00066 0.558733 -0.011324 0.0464818
1.01098 0.0225147 0.473711 0.0464818
0.0109794 1.02251 0.473711 0.0464818
1.01098 1.02251 0.473711 0.0464818
0.796988 -0.027143 0.25095 0.0464818
0.587945 0.806182 -0.019323 0.0464818
0.78703 0.405753 1.04541 0.0464818
0.604299 1.01149 0.621278 0.0464818
1.03664 0.548446 0.496283 0.0464818
0.183234 1.03039 0.530515 0.0464818
0.0503973 0.729482 1.02313 0.0464818
0.339563 -0.017921 0.709856 0.0464818
0.90318 1.02214 0.346206 0.0464818
-0.004761 0.643128 0.336949 0.0464818
0.917599 -0.031526 0.674145 0.0464818
0.7839 0.87617 -0.034139 0.0464818
0.519445 0.662959 1.0105 0.0464818
0.0514419 1.04197 0.233558 0.0464818
-0.037674 0.421339 0.757701 0.0464818
0.645751 0.911642 -0.026086 0.0464818
0.748284 1.01369 0.475552 0.0464818
0.580691 1.03688 0.448671 0.0464818
0.507537 1.01717 0.231666 0.0464818
0.339806 1.01501 0.622921 0.0464818
0.387445 1.00932 0.380967 0.0464818
0.566112 -0.032563 0.179339 0.0464818
0.910364 1.04393 0.620327 0.0464818
0.626543 -0.030908 0.772509 0.0464818
0.099145 1.04462 0.454213 0.0464818
-0.02635 0.110754 0.607225 0.0464818
0.527845 0.369286 -0.0268 0.0464818
-0.021112 0.928634 0.839034 0.0464818
0.538454 0.0976977 -0.032968 0.0464818
0.320437 0.771672 1.00002 0.0464818
0.426281 -0.005764 0.192614 0.0464818
1.04147 0.950318 0.245487 0.0464818
0.14372 -0.012949 0.715788 0.0464818
-0.027066 0.839342 0.495131 0.0464818
0.917008 0.95251 1.01261 0.0464818
0.0510215 -0.010877 0.722495 0.0464818
1.0213 0.109031 0.290452 0.0464818
0.156356 1.04613 0.247359 0.0464818
-0.033741 0.72984 0.188472 0.0464818
0.38169 0.473991 1.02988 0.0464818
0.404933 -0.044262 0.899886 0.0464818
-0.010506 0.872019 0.765988 0.0464818
0.816442 -0.010183 0.53423 0.0464818
0.720715 0.431021 -0.014643 0.0464818
-0.023469 0.591575 0.743352 0.0464818
0.218969 0.47635 1.01089 0.0464818
-0.001508 0.734344 0.468343 0.0464818
0.878909 0.546661 -0.032887 0.0464818
0.12654 0.401323 1.03777 0.0464818
1.02473 0.14586 0.78444 0.0464818
0.0338806 0.939313 -0.034981 0.0464818
1.03388 0.939313 0.965019 0.0464818
1.03388 0.939313 -0.034981 0.0464818
1.01209 0.547145 0.585938 0.0464818
0.587321 -0.006745 0.366847 0.0464818
0.442075 0.856893 1.03167 0.0464818
1.02279 0.000536338 0.599647 0.0464818
0.022789 1.00054 0.599647 0.0464818
1.02279 1.00054 0.599647 0.0464818
0.890105 0.705379 1.02047 0.0464818
0.23853 0.727533 1.03064 0.0464818
-0.00559 0.70647 0.7087 0.0464818
0.730537 1.02195 0.0542595 0.0464818
-0.00069 0.179336 0.12058 0.0464818
-0.042879 0.576145 0.456891 0.0464818
0.0984854 0.626468 1.00514 0.0464818
0.0371142 -0.003319 0.814102 0.0464818
1.03711 0.996681 0.814102 0.0464818
1.03711 -0.003319 0.814102 0.0464818
0.471509 0.224256 -0.034583 0.0464818
0.936197 0.417344 1.02445 0.0464818
0.160985 -0.022445 0.0415845 0.0464818
0.160985 0.977555 1.04158 0.0464818
0.160985 -0.022445 1.04158 0.0464818
1.0393 0.841633 0.666948 0.0464818
0.826623 0.629824 -0.038276 0.0464818
0.81048 -0.025667 0.158982 0.0464818
1.03813 0.0829275 0.546317 0.0464818
0.724842 -0.043221 0.191491 0.0464818
0.163118 0.128836 -0.029492 0.0464818
0.89441 1.02755 0.23334 0.0464818
0.618615 -0.001395 0.106133 0.0464818
0.202661 0.20697 1.00171 0.0464818
1.0101 0.407073 0.903181 0.0464818
0.573723 1.03889 0.0297975 0.0464818
0.573723 0.0388859 1.0298 0.0464818
0.573723 1.03889 1.0298 0.0464818
0.772792 0.028157 -0.028313 0.0464818
0.772792 1.02816 0.971687 0.0464818
0.772792 1.02816 -0.028313 0.0464818
0.125678 0.773726 -0.01118 0.0464818
0.348857 -0.000746 0.251646 0.0464818
0.582358 0.946526 1.03591 0.0464818
-0.000186 0.185772 0.494644 0.0464818
-0.029988 0.329131 0.307935 0.0464818
1.01127 0.287494 0.708112 0.0464818
0.464584 -0.045259 0.971181 0.0464818
0.464584 0.954741 -0.028819 0.0464818
0.464584 -0.045259 -0.028819 0.0464818
0.694292 0.3499 1.02228 0.0464818
0.432913 0.629956 1.01858 0.0464818
-0.015853 0.196281 0.643497 0.0464818
0.406961 1.03763 0.741697 0.0464818
1.03329 0.294912 0.445432 0.0464818
-0.031804 0.735703 0.980163 0.0464818
0.968196 0.735703 -0.019837 0.0464818
-0.031804 0.735703 -0.019837 0.0464818
-0.045556 0.770273 0.55664 0.0464818
0.778339 0.335362 -0.01469 0.0464818
0.938347 0.509439 1.03694 0.0464818
0.786761 -0.016169 0.622124 0.0464818
-0.036961 0.957449 0.427772 0.0464818
0.963039 -0.042551 0.427772 0.0464818
-0.036961 -0.042551 0.427772 0.0464818
-0.025159 0.809927 0.142053 0.0464818
0.600633 -0.030229 0.538281 0.0464818
-0.013757 0.187303 0.939119 0.0464818
-0.044767 0.359152 0.688965 0.0464818
-0.043392 0.818023 0.25543 0.0464818
0.520726 0.551453 -0.037575 0.0464818
0.0118717 0.6538 -0.014686 0.0464818
1.01187 0.6538 0.985314 0.0464818
1.01187 0.6538 -0.014686 0.0464818
0.0875372 0.101722 1.01735 0.0464818
0.185259 1.02579 0.424681 0.0464818
0.566518 0.211414 -0.000138 0.0464818
0.863506 0.0483878 -0.030316 0.0464818
0.88079 0.222466 -0.012548 0.0464818
0.0408491 0.24873 -0.01744 0.0464818
1.04085 0.24873 0.98256 0.0464818
1.04085 0.24873 -0.01744 0.0464818
1.04612 0.662931 0.202934 0.0464818
0.498747 0.294413 1.01999 0.0464818
0.24911 -0.00727 0.691231 0.0464818
1.04597 0.300095 0.622791 0.0464818
-0.046174 0.246802 0.441704 0.0464818
1.00896 0.53405 0.677921 0.0464818
0.79983 0.470033 -0.043985 0.0464818
1.02909 0.574914 0.398057 0.0464818
0.878213 -0.009332 0.898309 0.0464818
0.0933596 1.00844 0.539651 0.0464818
0.495724 0.156601 1.02488 0.0464818
0.619409 0.354426 -0.03292 0.0464818
0.175186 0.555112 -0.046388 0.0464818
0.646791 0.591847 -0.001728 0.0464818
0.52595 1.0047 0.10185 0.0464818
-0.022703 0.308759 0.79199 0.0464818
0.342377 1.01901 0.0858518 0.0464818
0.642856 -0.024709 0.231214 0.0464818
0.518604 1.00007 0.66285 0.0464818
0.280227 0.644705 1.02407 0.0464818
0.637305 0.500131 -0.045751 0.0464818
-0.023691 0.796424 0.0500869 0.0464818
-0.044902 0.28409 0.63412 0.0464818
0.23543 0.293917 -0.001234 0.0464818
0.123165 -0.03584 0.957725 0.0464818
0.123165 0.96416 -0.042275 0.0464818
0.123165 -0.03584 -0.042275 0.0464818
-0.021067 0.9187 0.594981 0.0464818
0.325621 -0.012888 0.862906 0.0464818
0.209972 1.02394 0.769568 0.0464818
-0.005081 0.88026 0.386934 0.0464818
-0.042111 0.0115028 0.109467 0.0464818
0.957889 1.0115 0.109467 0.0464818
-0.042111 1.0115 0.109467 0.0464818
1.03529 0.665547 0.417792 0.0464818
0.795793 0.195424 1.01365 0.0464818
-0.026992 0.878546 0.00664431 0.0464818
0.973008 0.878546 1.00664 0.0464818
-0.026992 0.878546 1.00664 0.0464818
0.376552 0.918571 1.00833 0.0464818
0.548255 0.746443 1.04575 0.0464818
0.949929 1.01108 0.542881 0.0464818
0.651311 0.688174 1.02201 0.0464818
-0.00903 0.261186 0.0645214 0.0464818
0.944516 1.015 0.837673 0.0464818
0.185632 0.707396 -0.043102 0.0464818
0.498323 -0.002169 0.753661 0.0464818
0.243551 -0.032546 0.381779 0.0464818
0.69212 0.508009 1.02892 0.0464818
0.121971 -0.030237 0.287714 0.0464818
0.785494 0.119609 -0.039153 0.0464818
0.305263 0.860601 1.02246 0.0464818
-0.033279 0.972549 0.758005 0.0464818
0.966721 -0.027451 0.758005 0.0464818
-0.033279 -0.027451 0.758005 0.0464818
-0.043436 0.739943 0.791524 0.0464818
0.718628 1.02249 0.257159 0.0464818
1.0095 0.00466711 0.903563 0.0464818
0.00950269 1.00467 0.903563 0.0464818
1.0095 1.00467 0.903563 0.0464818
0.393506 1.02522 0.47236 0.0464818
0.427564 1.01643 0.65356 0.0464818
-0.033973 0.644221 0.248701 0.0464818
0.678471 0.82585 -0.011543 0.0464818
-0.030727 0.613114 0.0572323 0.0464818
1.0101 0.63731 0.502708 0.0464818
-0.03256 0.0871853 0.363005 0.0464818
0.227003 -0.044252 0.496519 0.0464818
0.172396 0.89138 -0.011917 0.0464818
-0.023612 0.730821 0.280877 0.0464818
1.03586 0.741232 0.127904 0.0464818
1.00191 0.505048 0.765963 0.0464818
0.697058 1.00179 0.92466 0.0464818
0.236372 -0.034978 0.114981 0.0464818
1.03991 0.19253 0.863392 0.0464818
1.01835 0.550553 0.845345 0.0464818
0.34152 -0.031168 0.164108 0.0464818
0.402376 1.00757 0.015693 0.0464818
0.402376 0.00757119 1.01569 0.0464818
0.402376 1.00757 1.01569 0.0464818
-0.030049 0.70544 0.0680803 0.0464818
0.555129 0.892916 -0.03499 0.0464818
0.345437 0.531259 -0.033751 0.0464818
0.565402 -0.035994 0.28137 0.0464818
1.04172 0.777141 0.794166 0.0464818
0.426521 -0.015846 0.300457 0.0464818
0.423383 0.136657 -0.029991 0.0464818
0.448286 -0.044708 0.530124 0.0464818
0.836639 1.04356 0.41738 0.0464818
0.87849 -0.035022 0.096297 0.0464818
-0.00021 0.575376 0.19614 0.0464818
0.583195 0.130493 1.04248 0.0464818
-0.039516 0.477795 0.844598 0.0464818
-0.009325 0.455943 0.265693 0.0464818
0.45636 0.736498 1.03581 0.0464818
-0.025654 0.206648 0.73536 0.0464818
-0.002503 0.922451 0.685995 0.0464818
0.0627866 0.429708 -0.023645 0.0464818
0.111987 -0.010683 0.380603 0.0464818
-0.022621 0.498524 0.409581 0.0464818
0.195422 0.0429017 -0.014862 0.0464818
0.195422 1.0429 0.985138 0.0464818
0.195422 1.0429 -0.014862 0.0464818
0.235212 1.0081 0.857628 0.0464818
-0.016496 0.0339783 0.67698 0.0464818
0.983504 1.03398 0.67698 0.0464818
-0.016496 1.03398 0.67698 0.0464818
0.84204 0.291188 1.03662 0.0464818
0.458423 0.0516855 -0.04393 0.0464818
-0.022226 0.0269179 0.288226 0.0464818
0.977774 1.02692 0.288226 0.0464818
-0.022226 1.02692 0.288226 0.0464818
0.467902 0.508743 1.02842 0.0464818
0.591096 0.294875 1.03261 0.0464818
-0.022955 0.0195809 0.98939 0.0464818
0.977045 0.0195809 -0.01061 0.0464818
0.977045 1.01958 0.98939 0.0464818
-0.022955 0.0195809 -0.01061 0.0464818
-0.022955 1.01958 0.98939 0.0464818
0.977045 1.01958 -0.01061 0.0464818
-0.022955 1.01958 -0.01061 0.0464818
0.40716 1.02029 0.833029 0.0464818
0.274776 1.01194 0.306358 0.0464818
0.326562 0.0983998 -0.011303 0.0464818
-0.01532 0.539412 0.111757 0.0464818
0.30373 -0.017921 0.451111 0.0464818
0.364556 1.03204 0.934373 0.0464818
0.474013 -0.011096 0.408008 0.0464818
1.0044 0.863219 0.920493 0.0464818
0.090623 0.535385 -0.013187 0.0464818
-0.021753 0.064498 0.765398 0.0464818
-0.032013 0.241412 0.27722 0.0464818
1.01915 0.870254 0.0869208 0.0464818
0.856801 0.465455 1.02933 0.0464818
-0.034453 0.339709 0.400187 0.0464818
1.00217 0.45486 0.580717 0.0464818
0.659344 1.0293 0.497646 0.0464818
0.730881 0.947791 -0.007649 0.0464818
1.03678 0.811573 0.433534 0.0464818
0.791678 -0.043071 0.894358 0.0464818
